The system is: Linux - 3.11.0-15-generic - x86_64
Compiling the C compiler identification source file "CMakeCCompilerId.c" succeeded.
Compiler: /usr/bin/cc 
Build flags: 
Id flags: 

The output was:
0


Compilation of the C compiler identification source "CMakeCCompilerId.c" produced "a.out"

The C compiler identification is GNU, found in "/home/dvir/Dropbox/Chai - Dvir/mini-project/FM-Index/libdivsufsort/CMakeFiles/2.8.11.2/CompilerIdC/a.out"

Determining if the C compiler works passed with the following output:
Change Dir: /home/dvir/Dropbox/Chai - Dvir/mini-project/FM-Index/libdivsufsort/CMakeFiles/CMakeTmp

Run Build Command:/usr/bin/make "cmTryCompileExec1887788087/fast"
make[1]: Entering directory `/home/dvir/Dropbox/Chai - Dvir/mini-project/FM-Index/libdivsufsort/CMakeFiles/CMakeTmp'
/usr/bin/make -f CMakeFiles/cmTryCompileExec1887788087.dir/build.make CMakeFiles/cmTryCompileExec1887788087.dir/build
make[2]: Entering directory `/home/dvir/Dropbox/Chai - Dvir/mini-project/FM-Index/libdivsufsort/CMakeFiles/CMakeTmp'
/usr/bin/cmake -E cmake_progress_report "/home/dvir/Dropbox/Chai - Dvir/mini-project/FM-Index/libdivsufsort/CMakeFiles/CMakeTmp/CMakeFiles" 1
Building C object CMakeFiles/cmTryCompileExec1887788087.dir/testCCompiler.c.o
/usr/bin/cc    -o CMakeFiles/cmTryCompileExec1887788087.dir/testCCompiler.c.o   -c "/home/dvir/Dropbox/Chai - Dvir/mini-project/FM-Index/libdivsufsort/CMakeFiles/CMakeTmp/testCCompiler.c"
Linking C executable cmTryCompileExec1887788087
/usr/bin/cmake -E cmake_link_script CMakeFiles/cmTryCompileExec1887788087.dir/link.txt --verbose=1
/usr/bin/cc         CMakeFiles/cmTryCompileExec1887788087.dir/testCCompiler.c.o  -o cmTryCompileExec1887788087 -rdynamic 
make[2]: Leaving directory `/home/dvir/Dropbox/Chai - Dvir/mini-project/FM-Index/libdivsufsort/CMakeFiles/CMakeTmp'
make[1]: Leaving directory `/home/dvir/Dropbox/Chai - Dvir/mini-project/FM-Index/libdivsufsort/CMakeFiles/CMakeTmp'


Detecting C compiler ABI info compiled with the following output:
Change Dir: /home/dvir/Dropbox/Chai - Dvir/mini-project/FM-Index/libdivsufsort/CMakeFiles/CMakeTmp

Run Build Command:/usr/bin/make "cmTryCompileExec952608560/fast"
make[1]: Entering directory `/home/dvir/Dropbox/Chai - Dvir/mini-project/FM-Index/libdivsufsort/CMakeFiles/CMakeTmp'
/usr/bin/make -f CMakeFiles/cmTryCompileExec952608560.dir/build.make CMakeFiles/cmTryCompileExec952608560.dir/build
make[2]: Entering directory `/home/dvir/Dropbox/Chai - Dvir/mini-project/FM-Index/libdivsufsort/CMakeFiles/CMakeTmp'
/usr/bin/cmake -E cmake_progress_report "/home/dvir/Dropbox/Chai - Dvir/mini-project/FM-Index/libdivsufsort/CMakeFiles/CMakeTmp/CMakeFiles" 1
Building C object CMakeFiles/cmTryCompileExec952608560.dir/CMakeCCompilerABI.c.o
/usr/bin/cc    -o CMakeFiles/cmTryCompileExec952608560.dir/CMakeCCompilerABI.c.o   -c /usr/share/cmake-2.8/Modules/CMakeCCompilerABI.c
Linking C executable cmTryCompileExec952608560
/usr/bin/cmake -E cmake_link_script CMakeFiles/cmTryCompileExec952608560.dir/link.txt --verbose=1
/usr/bin/cc       -v CMakeFiles/cmTryCompileExec952608560.dir/CMakeCCompilerABI.c.o  -o cmTryCompileExec952608560 -rdynamic  
Using built-in specs.
COLLECT_GCC=/usr/bin/cc
COLLECT_LTO_WRAPPER=/usr/lib/gcc/x86_64-linux-gnu/4.8/lto-wrapper
Target: x86_64-linux-gnu
Configured with: ../src/configure -v --with-pkgversion='Ubuntu/Linaro 4.8.1-10ubuntu9' --with-bugurl=file:///usr/share/doc/gcc-4.8/README.Bugs --enable-languages=c,c++,java,go,d,fortran,objc,obj-c++ --prefix=/usr --program-suffix=-4.8 --enable-shared --enable-linker-build-id --libexecdir=/usr/lib --without-included-gettext --enable-threads=posix --with-gxx-include-dir=/usr/include/c++/4.8 --libdir=/usr/lib --enable-nls --with-sysroot=/ --enable-clocale=gnu --enable-libstdcxx-debug --enable-libstdcxx-time=yes --enable-gnu-unique-object --enable-plugin --with-system-zlib --disable-browser-plugin --enable-java-awt=gtk --enable-gtk-cairo --with-java-home=/usr/lib/jvm/java-1.5.0-gcj-4.8-amd64/jre --enable-java-home --with-jvm-root-dir=/usr/lib/jvm/java-1.5.0-gcj-4.8-amd64 --with-jvm-jar-dir=/usr/lib/jvm-exports/java-1.5.0-gcj-4.8-amd64 --with-arch-directory=amd64 --with-ecj-jar=/usr/share/java/eclipse-ecj.jar --enable-objc-gc --enable-multiarch --disable-werror --with-arch-32=i686 --with-abi=m64 --with-multilib-list=m32,m64,mx32 --with-tune=generic --enable-checking=release --build=x86_64-linux-gnu --host=x86_64-linux-gnu --target=x86_64-linux-gnu
Thread model: posix
gcc version 4.8.1 (Ubuntu/Linaro 4.8.1-10ubuntu9) 
COMPILER_PATH=/usr/lib/gcc/x86_64-linux-gnu/4.8/:/usr/lib/gcc/x86_64-linux-gnu/4.8/:/usr/lib/gcc/x86_64-linux-gnu/:/usr/lib/gcc/x86_64-linux-gnu/4.8/:/usr/lib/gcc/x86_64-linux-gnu/
LIBRARY_PATH=/usr/lib/gcc/x86_64-linux-gnu/4.8/:/usr/lib/gcc/x86_64-linux-gnu/4.8/../../../x86_64-linux-gnu/:/usr/lib/gcc/x86_64-linux-gnu/4.8/../../../../lib/:/lib/x86_64-linux-gnu/:/lib/../lib/:/usr/lib/x86_64-linux-gnu/:/usr/lib/../lib/:/usr/lib/gcc/x86_64-linux-gnu/4.8/../../../:/lib/:/usr/lib/
COLLECT_GCC_OPTIONS='-v' '-o' 'cmTryCompileExec952608560' '-rdynamic' '-mtune=generic' '-march=x86-64'
 /usr/lib/gcc/x86_64-linux-gnu/4.8/collect2 --sysroot=/ --build-id --eh-frame-hdr -m elf_x86_64 --hash-style=gnu --as-needed -export-dynamic -dynamic-linker /lib64/ld-linux-x86-64.so.2 -z relro -o cmTryCompileExec952608560 /usr/lib/gcc/x86_64-linux-gnu/4.8/../../../x86_64-linux-gnu/crt1.o /usr/lib/gcc/x86_64-linux-gnu/4.8/../../../x86_64-linux-gnu/crti.o /usr/lib/gcc/x86_64-linux-gnu/4.8/crtbegin.o -L/usr/lib/gcc/x86_64-linux-gnu/4.8 -L/usr/lib/gcc/x86_64-linux-gnu/4.8/../../../x86_64-linux-gnu -L/usr/lib/gcc/x86_64-linux-gnu/4.8/../../../../lib -L/lib/x86_64-linux-gnu -L/lib/../lib -L/usr/lib/x86_64-linux-gnu -L/usr/lib/../lib -L/usr/lib/gcc/x86_64-linux-gnu/4.8/../../.. CMakeFiles/cmTryCompileExec952608560.dir/CMakeCCompilerABI.c.o -lgcc --as-needed -lgcc_s --no-as-needed -lc -lgcc --as-needed -lgcc_s --no-as-needed /usr/lib/gcc/x86_64-linux-gnu/4.8/crtend.o /usr/lib/gcc/x86_64-linux-gnu/4.8/../../../x86_64-linux-gnu/crtn.o
make[2]: Leaving directory `/home/dvir/Dropbox/Chai - Dvir/mini-project/FM-Index/libdivsufsort/CMakeFiles/CMakeTmp'
make[1]: Leaving directory `/home/dvir/Dropbox/Chai - Dvir/mini-project/FM-Index/libdivsufsort/CMakeFiles/CMakeTmp'


Parsed C implicit link information from above output:
  link line regex: [^( *|.*[/\])(ld|ld|collect2)[^/\]*( |$)]
  ignore line: [Change Dir: /home/dvir/Dropbox/Chai - Dvir/mini-project/FM-Index/libdivsufsort/CMakeFiles/CMakeTmp]
  ignore line: []
  ignore line: [Run Build Command:/usr/bin/make "cmTryCompileExec952608560/fast"]
  ignore line: [make[1]: Entering directory `/home/dvir/Dropbox/Chai - Dvir/mini-project/FM-Index/libdivsufsort/CMakeFiles/CMakeTmp']
  ignore line: [/usr/bin/make -f CMakeFiles/cmTryCompileExec952608560.dir/build.make CMakeFiles/cmTryCompileExec952608560.dir/build]
  ignore line: [make[2]: Entering directory `/home/dvir/Dropbox/Chai - Dvir/mini-project/FM-Index/libdivsufsort/CMakeFiles/CMakeTmp']
  ignore line: [/usr/bin/cmake -E cmake_progress_report "/home/dvir/Dropbox/Chai - Dvir/mini-project/FM-Index/libdivsufsort/CMakeFiles/CMakeTmp/CMakeFiles" 1]
  ignore line: [Building C object CMakeFiles/cmTryCompileExec952608560.dir/CMakeCCompilerABI.c.o]
  ignore line: [/usr/bin/cc    -o CMakeFiles/cmTryCompileExec952608560.dir/CMakeCCompilerABI.c.o   -c /usr/share/cmake-2.8/Modules/CMakeCCompilerABI.c]
  ignore line: [Linking C executable cmTryCompileExec952608560]
  ignore line: [/usr/bin/cmake -E cmake_link_script CMakeFiles/cmTryCompileExec952608560.dir/link.txt --verbose=1]
  ignore line: [/usr/bin/cc       -v CMakeFiles/cmTryCompileExec952608560.dir/CMakeCCompilerABI.c.o  -o cmTryCompileExec952608560 -rdynamic  ]
  ignore line: [Using built-in specs.]
  ignore line: [COLLECT_GCC=/usr/bin/cc]
  ignore line: [COLLECT_LTO_WRAPPER=/usr/lib/gcc/x86_64-linux-gnu/4.8/lto-wrapper]
  ignore line: [Target: x86_64-linux-gnu]
  ignore line: [Configured with: ../src/configure -v --with-pkgversion='Ubuntu/Linaro 4.8.1-10ubuntu9' --with-bugurl=file:///usr/share/doc/gcc-4.8/README.Bugs --enable-languages=c,c++,java,go,d,fortran,objc,obj-c++ --prefix=/usr --program-suffix=-4.8 --enable-shared --enable-linker-build-id --libexecdir=/usr/lib --without-included-gettext --enable-threads=posix --with-gxx-include-dir=/usr/include/c++/4.8 --libdir=/usr/lib --enable-nls --with-sysroot=/ --enable-clocale=gnu --enable-libstdcxx-debug --enable-libstdcxx-time=yes --enable-gnu-unique-object --enable-plugin --with-system-zlib --disable-browser-plugin --enable-java-awt=gtk --enable-gtk-cairo --with-java-home=/usr/lib/jvm/java-1.5.0-gcj-4.8-amd64/jre --enable-java-home --with-jvm-root-dir=/usr/lib/jvm/java-1.5.0-gcj-4.8-amd64 --with-jvm-jar-dir=/usr/lib/jvm-exports/java-1.5.0-gcj-4.8-amd64 --with-arch-directory=amd64 --with-ecj-jar=/usr/share/java/eclipse-ecj.jar --enable-objc-gc --enable-multiarch --disable-werror --with-arch-32=i686 --with-abi=m64 --with-multilib-list=m32,m64,mx32 --with-tune=generic --enable-checking=release --build=x86_64-linux-gnu --host=x86_64-linux-gnu --target=x86_64-linux-gnu]
  ignore line: [Thread model: posix]
  ignore line: [gcc version 4.8.1 (Ubuntu/Linaro 4.8.1-10ubuntu9) ]
  ignore line: [COMPILER_PATH=/usr/lib/gcc/x86_64-linux-gnu/4.8/:/usr/lib/gcc/x86_64-linux-gnu/4.8/:/usr/lib/gcc/x86_64-linux-gnu/:/usr/lib/gcc/x86_64-linux-gnu/4.8/:/usr/lib/gcc/x86_64-linux-gnu/]
  ignore line: [LIBRARY_PATH=/usr/lib/gcc/x86_64-linux-gnu/4.8/:/usr/lib/gcc/x86_64-linux-gnu/4.8/../../../x86_64-linux-gnu/:/usr/lib/gcc/x86_64-linux-gnu/4.8/../../../../lib/:/lib/x86_64-linux-gnu/:/lib/../lib/:/usr/lib/x86_64-linux-gnu/:/usr/lib/../lib/:/usr/lib/gcc/x86_64-linux-gnu/4.8/../../../:/lib/:/usr/lib/]
  ignore line: [COLLECT_GCC_OPTIONS='-v' '-o' 'cmTryCompileExec952608560' '-rdynamic' '-mtune=generic' '-march=x86-64']
  link line: [ /usr/lib/gcc/x86_64-linux-gnu/4.8/collect2 --sysroot=/ --build-id --eh-frame-hdr -m elf_x86_64 --hash-style=gnu --as-needed -export-dynamic -dynamic-linker /lib64/ld-linux-x86-64.so.2 -z relro -o cmTryCompileExec952608560 /usr/lib/gcc/x86_64-linux-gnu/4.8/../../../x86_64-linux-gnu/crt1.o /usr/lib/gcc/x86_64-linux-gnu/4.8/../../../x86_64-linux-gnu/crti.o /usr/lib/gcc/x86_64-linux-gnu/4.8/crtbegin.o -L/usr/lib/gcc/x86_64-linux-gnu/4.8 -L/usr/lib/gcc/x86_64-linux-gnu/4.8/../../../x86_64-linux-gnu -L/usr/lib/gcc/x86_64-linux-gnu/4.8/../../../../lib -L/lib/x86_64-linux-gnu -L/lib/../lib -L/usr/lib/x86_64-linux-gnu -L/usr/lib/../lib -L/usr/lib/gcc/x86_64-linux-gnu/4.8/../../.. CMakeFiles/cmTryCompileExec952608560.dir/CMakeCCompilerABI.c.o -lgcc --as-needed -lgcc_s --no-as-needed -lc -lgcc --as-needed -lgcc_s --no-as-needed /usr/lib/gcc/x86_64-linux-gnu/4.8/crtend.o /usr/lib/gcc/x86_64-linux-gnu/4.8/../../../x86_64-linux-gnu/crtn.o]
    arg [/usr/lib/gcc/x86_64-linux-gnu/4.8/collect2] ==> ignore
    arg [--sysroot=/] ==> ignore
    arg [--build-id] ==> ignore
    arg [--eh-frame-hdr] ==> ignore
    arg [-m] ==> ignore
    arg [elf_x86_64] ==> ignore
    arg [--hash-style=gnu] ==> ignore
    arg [--as-needed] ==> ignore
    arg [-export-dynamic] ==> ignore
    arg [-dynamic-linker] ==> ignore
    arg [/lib64/ld-linux-x86-64.so.2] ==> ignore
    arg [-zrelro] ==> ignore
    arg [-o] ==> ignore
    arg [cmTryCompileExec952608560] ==> ignore
    arg [/usr/lib/gcc/x86_64-linux-gnu/4.8/../../../x86_64-linux-gnu/crt1.o] ==> ignore
    arg [/usr/lib/gcc/x86_64-linux-gnu/4.8/../../../x86_64-linux-gnu/crti.o] ==> ignore
    arg [/usr/lib/gcc/x86_64-linux-gnu/4.8/crtbegin.o] ==> ignore
    arg [-L/usr/lib/gcc/x86_64-linux-gnu/4.8] ==> dir [/usr/lib/gcc/x86_64-linux-gnu/4.8]
    arg [-L/usr/lib/gcc/x86_64-linux-gnu/4.8/../../../x86_64-linux-gnu] ==> dir [/usr/lib/gcc/x86_64-linux-gnu/4.8/../../../x86_64-linux-gnu]
    arg [-L/usr/lib/gcc/x86_64-linux-gnu/4.8/../../../../lib] ==> dir [/usr/lib/gcc/x86_64-linux-gnu/4.8/../../../../lib]
    arg [-L/lib/x86_64-linux-gnu] ==> dir [/lib/x86_64-linux-gnu]
    arg [-L/lib/../lib] ==> dir [/lib/../lib]
    arg [-L/usr/lib/x86_64-linux-gnu] ==> dir [/usr/lib/x86_64-linux-gnu]
    arg [-L/usr/lib/../lib] ==> dir [/usr/lib/../lib]
    arg [-L/usr/lib/gcc/x86_64-linux-gnu/4.8/../../..] ==> dir [/usr/lib/gcc/x86_64-linux-gnu/4.8/../../..]
    arg [CMakeFiles/cmTryCompileExec952608560.dir/CMakeCCompilerABI.c.o] ==> ignore
    arg [-lgcc] ==> lib [gcc]
    arg [--as-needed] ==> ignore
    arg [-lgcc_s] ==> lib [gcc_s]
    arg [--no-as-needed] ==> ignore
    arg [-lc] ==> lib [c]
    arg [-lgcc] ==> lib [gcc]
    arg [--as-needed] ==> ignore
    arg [-lgcc_s] ==> lib [gcc_s]
    arg [--no-as-needed] ==> ignore
    arg [/usr/lib/gcc/x86_64-linux-gnu/4.8/crtend.o] ==> ignore
    arg [/usr/lib/gcc/x86_64-linux-gnu/4.8/../../../x86_64-linux-gnu/crtn.o] ==> ignore
  remove lib [gcc]
  remove lib [gcc_s]
  remove lib [gcc]
  remove lib [gcc_s]
  collapse library dir [/usr/lib/gcc/x86_64-linux-gnu/4.8] ==> [/usr/lib/gcc/x86_64-linux-gnu/4.8]
  collapse library dir [/usr/lib/gcc/x86_64-linux-gnu/4.8/../../../x86_64-linux-gnu] ==> [/usr/lib/x86_64-linux-gnu]
  collapse library dir [/usr/lib/gcc/x86_64-linux-gnu/4.8/../../../../lib] ==> [/usr/lib]
  collapse library dir [/lib/x86_64-linux-gnu] ==> [/lib/x86_64-linux-gnu]
  collapse library dir [/lib/../lib] ==> [/lib]
  collapse library dir [/usr/lib/x86_64-linux-gnu] ==> [/usr/lib/x86_64-linux-gnu]
  collapse library dir [/usr/lib/../lib] ==> [/usr/lib]
  collapse library dir [/usr/lib/gcc/x86_64-linux-gnu/4.8/../../..] ==> [/usr/lib]
  implicit libs: [c]
  implicit dirs: [/usr/lib/gcc/x86_64-linux-gnu/4.8;/usr/lib/x86_64-linux-gnu;/usr/lib;/lib/x86_64-linux-gnu;/lib]
  implicit fwks: []


Performing C SOURCE FILE Test HAVE_GCC_WALL succeded with the following output:
Change Dir: /home/dvir/Dropbox/Chai - Dvir/mini-project/FM-Index/libdivsufsort/CMakeFiles/CMakeTmp

Run Build Command:/usr/bin/make "cmTryCompileExec1145427094/fast"
make[1]: Entering directory `/home/dvir/Dropbox/Chai - Dvir/mini-project/FM-Index/libdivsufsort/CMakeFiles/CMakeTmp'
/usr/bin/make -f CMakeFiles/cmTryCompileExec1145427094.dir/build.make CMakeFiles/cmTryCompileExec1145427094.dir/build
make[2]: Entering directory `/home/dvir/Dropbox/Chai - Dvir/mini-project/FM-Index/libdivsufsort/CMakeFiles/CMakeTmp'
/usr/bin/cmake -E cmake_progress_report "/home/dvir/Dropbox/Chai - Dvir/mini-project/FM-Index/libdivsufsort/CMakeFiles/CMakeTmp/CMakeFiles" 1
Building C object CMakeFiles/cmTryCompileExec1145427094.dir/src.c.o
/usr/bin/cc   -DHAVE_GCC_WALL -Wall   -o CMakeFiles/cmTryCompileExec1145427094.dir/src.c.o   -c "/home/dvir/Dropbox/Chai - Dvir/mini-project/FM-Index/libdivsufsort/CMakeFiles/CMakeTmp/src.c"
Linking C executable cmTryCompileExec1145427094
/usr/bin/cmake -E cmake_link_script CMakeFiles/cmTryCompileExec1145427094.dir/link.txt --verbose=1
/usr/bin/cc     -DHAVE_GCC_WALL -Wall    CMakeFiles/cmTryCompileExec1145427094.dir/src.c.o  -o cmTryCompileExec1145427094 -rdynamic 
make[2]: Leaving directory `/home/dvir/Dropbox/Chai - Dvir/mini-project/FM-Index/libdivsufsort/CMakeFiles/CMakeTmp'
make[1]: Leaving directory `/home/dvir/Dropbox/Chai - Dvir/mini-project/FM-Index/libdivsufsort/CMakeFiles/CMakeTmp'

Source file was:
int main() { return 0; }
Performing C SOURCE FILE Test HAVE_GCC_FOMIT_FRAME_POINTER succeded with the following output:
Change Dir: /home/dvir/Dropbox/Chai - Dvir/mini-project/FM-Index/libdivsufsort/CMakeFiles/CMakeTmp

Run Build Command:/usr/bin/make "cmTryCompileExec928481015/fast"
make[1]: Entering directory `/home/dvir/Dropbox/Chai - Dvir/mini-project/FM-Index/libdivsufsort/CMakeFiles/CMakeTmp'
/usr/bin/make -f CMakeFiles/cmTryCompileExec928481015.dir/build.make CMakeFiles/cmTryCompileExec928481015.dir/build
make[2]: Entering directory `/home/dvir/Dropbox/Chai - Dvir/mini-project/FM-Index/libdivsufsort/CMakeFiles/CMakeTmp'
/usr/bin/cmake -E cmake_progress_report "/home/dvir/Dropbox/Chai - Dvir/mini-project/FM-Index/libdivsufsort/CMakeFiles/CMakeTmp/CMakeFiles" 1
Building C object CMakeFiles/cmTryCompileExec928481015.dir/src.c.o
/usr/bin/cc   -Wall  -DHAVE_GCC_FOMIT_FRAME_POINTER -fomit-frame-pointer   -o CMakeFiles/cmTryCompileExec928481015.dir/src.c.o   -c "/home/dvir/Dropbox/Chai - Dvir/mini-project/FM-Index/libdivsufsort/CMakeFiles/CMakeTmp/src.c"
Linking C executable cmTryCompileExec928481015
/usr/bin/cmake -E cmake_link_script CMakeFiles/cmTryCompileExec928481015.dir/link.txt --verbose=1
/usr/bin/cc    -Wall  -DHAVE_GCC_FOMIT_FRAME_POINTER -fomit-frame-pointer    CMakeFiles/cmTryCompileExec928481015.dir/src.c.o  -o cmTryCompileExec928481015 -rdynamic 
make[2]: Leaving directory `/home/dvir/Dropbox/Chai - Dvir/mini-project/FM-Index/libdivsufsort/CMakeFiles/CMakeTmp'
make[1]: Leaving directory `/home/dvir/Dropbox/Chai - Dvir/mini-project/FM-Index/libdivsufsort/CMakeFiles/CMakeTmp'

Source file was:
int main() { return 0; }
Determining if the include file inttypes.h exists passed with the following output:
Change Dir: /home/dvir/Dropbox/Chai - Dvir/mini-project/FM-Index/libdivsufsort/CMakeFiles/CMakeTmp

Run Build Command:/usr/bin/make "cmTryCompileExec3615505651/fast"
make[1]: Entering directory `/home/dvir/Dropbox/Chai - Dvir/mini-project/FM-Index/libdivsufsort/CMakeFiles/CMakeTmp'
/usr/bin/make -f CMakeFiles/cmTryCompileExec3615505651.dir/build.make CMakeFiles/cmTryCompileExec3615505651.dir/build
make[2]: Entering directory `/home/dvir/Dropbox/Chai - Dvir/mini-project/FM-Index/libdivsufsort/CMakeFiles/CMakeTmp'
/usr/bin/cmake -E cmake_progress_report "/home/dvir/Dropbox/Chai - Dvir/mini-project/FM-Index/libdivsufsort/CMakeFiles/CMakeTmp/CMakeFiles" 1
Building C object CMakeFiles/cmTryCompileExec3615505651.dir/CheckIncludeFile.c.o
/usr/bin/cc   -Wall     -o CMakeFiles/cmTryCompileExec3615505651.dir/CheckIncludeFile.c.o   -c "/home/dvir/Dropbox/Chai - Dvir/mini-project/FM-Index/libdivsufsort/CMakeFiles/CMakeTmp/CheckIncludeFile.c"
Linking C executable cmTryCompileExec3615505651
/usr/bin/cmake -E cmake_link_script CMakeFiles/cmTryCompileExec3615505651.dir/link.txt --verbose=1
/usr/bin/cc    -Wall      CMakeFiles/cmTryCompileExec3615505651.dir/CheckIncludeFile.c.o  -o cmTryCompileExec3615505651 -rdynamic 
make[2]: Leaving directory `/home/dvir/Dropbox/Chai - Dvir/mini-project/FM-Index/libdivsufsort/CMakeFiles/CMakeTmp'
make[1]: Leaving directory `/home/dvir/Dropbox/Chai - Dvir/mini-project/FM-Index/libdivsufsort/CMakeFiles/CMakeTmp'


Determining if the include file memory.h exists passed with the following output:
Change Dir: /home/dvir/Dropbox/Chai - Dvir/mini-project/FM-Index/libdivsufsort/CMakeFiles/CMakeTmp

Run Build Command:/usr/bin/make "cmTryCompileExec2011514483/fast"
make[1]: Entering directory `/home/dvir/Dropbox/Chai - Dvir/mini-project/FM-Index/libdivsufsort/CMakeFiles/CMakeTmp'
/usr/bin/make -f CMakeFiles/cmTryCompileExec2011514483.dir/build.make CMakeFiles/cmTryCompileExec2011514483.dir/build
make[2]: Entering directory `/home/dvir/Dropbox/Chai - Dvir/mini-project/FM-Index/libdivsufsort/CMakeFiles/CMakeTmp'
/usr/bin/cmake -E cmake_progress_report "/home/dvir/Dropbox/Chai - Dvir/mini-project/FM-Index/libdivsufsort/CMakeFiles/CMakeTmp/CMakeFiles" 1
Building C object CMakeFiles/cmTryCompileExec2011514483.dir/CheckIncludeFile.c.o
/usr/bin/cc   -Wall     -o CMakeFiles/cmTryCompileExec2011514483.dir/CheckIncludeFile.c.o   -c "/home/dvir/Dropbox/Chai - Dvir/mini-project/FM-Index/libdivsufsort/CMakeFiles/CMakeTmp/CheckIncludeFile.c"
Linking C executable cmTryCompileExec2011514483
/usr/bin/cmake -E cmake_link_script CMakeFiles/cmTryCompileExec2011514483.dir/link.txt --verbose=1
/usr/bin/cc    -Wall      CMakeFiles/cmTryCompileExec2011514483.dir/CheckIncludeFile.c.o  -o cmTryCompileExec2011514483 -rdynamic 
make[2]: Leaving directory `/home/dvir/Dropbox/Chai - Dvir/mini-project/FM-Index/libdivsufsort/CMakeFiles/CMakeTmp'
make[1]: Leaving directory `/home/dvir/Dropbox/Chai - Dvir/mini-project/FM-Index/libdivsufsort/CMakeFiles/CMakeTmp'


Determining if the include file stddef.h exists passed with the following output:
Change Dir: /home/dvir/Dropbox/Chai - Dvir/mini-project/FM-Index/libdivsufsort/CMakeFiles/CMakeTmp

Run Build Command:/usr/bin/make "cmTryCompileExec3321617039/fast"
make[1]: Entering directory `/home/dvir/Dropbox/Chai - Dvir/mini-project/FM-Index/libdivsufsort/CMakeFiles/CMakeTmp'
/usr/bin/make -f CMakeFiles/cmTryCompileExec3321617039.dir/build.make CMakeFiles/cmTryCompileExec3321617039.dir/build
make[2]: Entering directory `/home/dvir/Dropbox/Chai - Dvir/mini-project/FM-Index/libdivsufsort/CMakeFiles/CMakeTmp'
/usr/bin/cmake -E cmake_progress_report "/home/dvir/Dropbox/Chai - Dvir/mini-project/FM-Index/libdivsufsort/CMakeFiles/CMakeTmp/CMakeFiles" 1
Building C object CMakeFiles/cmTryCompileExec3321617039.dir/CheckIncludeFile.c.o
/usr/bin/cc   -Wall     -o CMakeFiles/cmTryCompileExec3321617039.dir/CheckIncludeFile.c.o   -c "/home/dvir/Dropbox/Chai - Dvir/mini-project/FM-Index/libdivsufsort/CMakeFiles/CMakeTmp/CheckIncludeFile.c"
Linking C executable cmTryCompileExec3321617039
/usr/bin/cmake -E cmake_link_script CMakeFiles/cmTryCompileExec3321617039.dir/link.txt --verbose=1
/usr/bin/cc    -Wall      CMakeFiles/cmTryCompileExec3321617039.dir/CheckIncludeFile.c.o  -o cmTryCompileExec3321617039 -rdynamic 
make[2]: Leaving directory `/home/dvir/Dropbox/Chai - Dvir/mini-project/FM-Index/libdivsufsort/CMakeFiles/CMakeTmp'
make[1]: Leaving directory `/home/dvir/Dropbox/Chai - Dvir/mini-project/FM-Index/libdivsufsort/CMakeFiles/CMakeTmp'


Determining if the include file stdint.h exists passed with the following output:
Change Dir: /home/dvir/Dropbox/Chai - Dvir/mini-project/FM-Index/libdivsufsort/CMakeFiles/CMakeTmp

Run Build Command:/usr/bin/make "cmTryCompileExec1163576428/fast"
make[1]: Entering directory `/home/dvir/Dropbox/Chai - Dvir/mini-project/FM-Index/libdivsufsort/CMakeFiles/CMakeTmp'
/usr/bin/make -f CMakeFiles/cmTryCompileExec1163576428.dir/build.make CMakeFiles/cmTryCompileExec1163576428.dir/build
make[2]: Entering directory `/home/dvir/Dropbox/Chai - Dvir/mini-project/FM-Index/libdivsufsort/CMakeFiles/CMakeTmp'
/usr/bin/cmake -E cmake_progress_report "/home/dvir/Dropbox/Chai - Dvir/mini-project/FM-Index/libdivsufsort/CMakeFiles/CMakeTmp/CMakeFiles" 1
Building C object CMakeFiles/cmTryCompileExec1163576428.dir/CheckIncludeFile.c.o
/usr/bin/cc   -Wall     -o CMakeFiles/cmTryCompileExec1163576428.dir/CheckIncludeFile.c.o   -c "/home/dvir/Dropbox/Chai - Dvir/mini-project/FM-Index/libdivsufsort/CMakeFiles/CMakeTmp/CheckIncludeFile.c"
Linking C executable cmTryCompileExec1163576428
/usr/bin/cmake -E cmake_link_script CMakeFiles/cmTryCompileExec1163576428.dir/link.txt --verbose=1
/usr/bin/cc    -Wall      CMakeFiles/cmTryCompileExec1163576428.dir/CheckIncludeFile.c.o  -o cmTryCompileExec1163576428 -rdynamic 
make[2]: Leaving directory `/home/dvir/Dropbox/Chai - Dvir/mini-project/FM-Index/libdivsufsort/CMakeFiles/CMakeTmp'
make[1]: Leaving directory `/home/dvir/Dropbox/Chai - Dvir/mini-project/FM-Index/libdivsufsort/CMakeFiles/CMakeTmp'


Determining if the include file stdlib.h exists passed with the following output:
Change Dir: /home/dvir/Dropbox/Chai - Dvir/mini-project/FM-Index/libdivsufsort/CMakeFiles/CMakeTmp

Run Build Command:/usr/bin/make "cmTryCompileExec2501017456/fast"
make[1]: Entering directory `/home/dvir/Dropbox/Chai - Dvir/mini-project/FM-Index/libdivsufsort/CMakeFiles/CMakeTmp'
/usr/bin/make -f CMakeFiles/cmTryCompileExec2501017456.dir/build.make CMakeFiles/cmTryCompileExec2501017456.dir/build
make[2]: Entering directory `/home/dvir/Dropbox/Chai - Dvir/mini-project/FM-Index/libdivsufsort/CMakeFiles/CMakeTmp'
/usr/bin/cmake -E cmake_progress_report "/home/dvir/Dropbox/Chai - Dvir/mini-project/FM-Index/libdivsufsort/CMakeFiles/CMakeTmp/CMakeFiles" 1
Building C object CMakeFiles/cmTryCompileExec2501017456.dir/CheckIncludeFile.c.o
/usr/bin/cc   -Wall     -o CMakeFiles/cmTryCompileExec2501017456.dir/CheckIncludeFile.c.o   -c "/home/dvir/Dropbox/Chai - Dvir/mini-project/FM-Index/libdivsufsort/CMakeFiles/CMakeTmp/CheckIncludeFile.c"
Linking C executable cmTryCompileExec2501017456
/usr/bin/cmake -E cmake_link_script CMakeFiles/cmTryCompileExec2501017456.dir/link.txt --verbose=1
/usr/bin/cc    -Wall      CMakeFiles/cmTryCompileExec2501017456.dir/CheckIncludeFile.c.o  -o cmTryCompileExec2501017456 -rdynamic 
make[2]: Leaving directory `/home/dvir/Dropbox/Chai - Dvir/mini-project/FM-Index/libdivsufsort/CMakeFiles/CMakeTmp'
make[1]: Leaving directory `/home/dvir/Dropbox/Chai - Dvir/mini-project/FM-Index/libdivsufsort/CMakeFiles/CMakeTmp'


Determining if the include file string.h exists passed with the following output:
Change Dir: /home/dvir/Dropbox/Chai - Dvir/mini-project/FM-Index/libdivsufsort/CMakeFiles/CMakeTmp

Run Build Command:/usr/bin/make "cmTryCompileExec1552935720/fast"
make[1]: Entering directory `/home/dvir/Dropbox/Chai - Dvir/mini-project/FM-Index/libdivsufsort/CMakeFiles/CMakeTmp'
/usr/bin/make -f CMakeFiles/cmTryCompileExec1552935720.dir/build.make CMakeFiles/cmTryCompileExec1552935720.dir/build
make[2]: Entering directory `/home/dvir/Dropbox/Chai - Dvir/mini-project/FM-Index/libdivsufsort/CMakeFiles/CMakeTmp'
/usr/bin/cmake -E cmake_progress_report "/home/dvir/Dropbox/Chai - Dvir/mini-project/FM-Index/libdivsufsort/CMakeFiles/CMakeTmp/CMakeFiles" 1
Building C object CMakeFiles/cmTryCompileExec1552935720.dir/CheckIncludeFile.c.o
/usr/bin/cc   -Wall     -o CMakeFiles/cmTryCompileExec1552935720.dir/CheckIncludeFile.c.o   -c "/home/dvir/Dropbox/Chai - Dvir/mini-project/FM-Index/libdivsufsort/CMakeFiles/CMakeTmp/CheckIncludeFile.c"
Linking C executable cmTryCompileExec1552935720
/usr/bin/cmake -E cmake_link_script CMakeFiles/cmTryCompileExec1552935720.dir/link.txt --verbose=1
/usr/bin/cc    -Wall      CMakeFiles/cmTryCompileExec1552935720.dir/CheckIncludeFile.c.o  -o cmTryCompileExec1552935720 -rdynamic 
make[2]: Leaving directory `/home/dvir/Dropbox/Chai - Dvir/mini-project/FM-Index/libdivsufsort/CMakeFiles/CMakeTmp'
make[1]: Leaving directory `/home/dvir/Dropbox/Chai - Dvir/mini-project/FM-Index/libdivsufsort/CMakeFiles/CMakeTmp'


Determining if the include file strings.h exists passed with the following output:
Change Dir: /home/dvir/Dropbox/Chai - Dvir/mini-project/FM-Index/libdivsufsort/CMakeFiles/CMakeTmp

Run Build Command:/usr/bin/make "cmTryCompileExec1004990249/fast"
make[1]: Entering directory `/home/dvir/Dropbox/Chai - Dvir/mini-project/FM-Index/libdivsufsort/CMakeFiles/CMakeTmp'
/usr/bin/make -f CMakeFiles/cmTryCompileExec1004990249.dir/build.make CMakeFiles/cmTryCompileExec1004990249.dir/build
make[2]: Entering directory `/home/dvir/Dropbox/Chai - Dvir/mini-project/FM-Index/libdivsufsort/CMakeFiles/CMakeTmp'
/usr/bin/cmake -E cmake_progress_report "/home/dvir/Dropbox/Chai - Dvir/mini-project/FM-Index/libdivsufsort/CMakeFiles/CMakeTmp/CMakeFiles" 1
Building C object CMakeFiles/cmTryCompileExec1004990249.dir/CheckIncludeFile.c.o
/usr/bin/cc   -Wall     -o CMakeFiles/cmTryCompileExec1004990249.dir/CheckIncludeFile.c.o   -c "/home/dvir/Dropbox/Chai - Dvir/mini-project/FM-Index/libdivsufsort/CMakeFiles/CMakeTmp/CheckIncludeFile.c"
Linking C executable cmTryCompileExec1004990249
/usr/bin/cmake -E cmake_link_script CMakeFiles/cmTryCompileExec1004990249.dir/link.txt --verbose=1
/usr/bin/cc    -Wall      CMakeFiles/cmTryCompileExec1004990249.dir/CheckIncludeFile.c.o  -o cmTryCompileExec1004990249 -rdynamic 
make[2]: Leaving directory `/home/dvir/Dropbox/Chai - Dvir/mini-project/FM-Index/libdivsufsort/CMakeFiles/CMakeTmp'
make[1]: Leaving directory `/home/dvir/Dropbox/Chai - Dvir/mini-project/FM-Index/libdivsufsort/CMakeFiles/CMakeTmp'


Determining if the include file sys/types.h exists passed with the following output:
Change Dir: /home/dvir/Dropbox/Chai - Dvir/mini-project/FM-Index/libdivsufsort/CMakeFiles/CMakeTmp

Run Build Command:/usr/bin/make "cmTryCompileExec517770194/fast"
make[1]: Entering directory `/home/dvir/Dropbox/Chai - Dvir/mini-project/FM-Index/libdivsufsort/CMakeFiles/CMakeTmp'
/usr/bin/make -f CMakeFiles/cmTryCompileExec517770194.dir/build.make CMakeFiles/cmTryCompileExec517770194.dir/build
make[2]: Entering directory `/home/dvir/Dropbox/Chai - Dvir/mini-project/FM-Index/libdivsufsort/CMakeFiles/CMakeTmp'
/usr/bin/cmake -E cmake_progress_report "/home/dvir/Dropbox/Chai - Dvir/mini-project/FM-Index/libdivsufsort/CMakeFiles/CMakeTmp/CMakeFiles" 1
Building C object CMakeFiles/cmTryCompileExec517770194.dir/CheckIncludeFile.c.o
/usr/bin/cc   -Wall     -o CMakeFiles/cmTryCompileExec517770194.dir/CheckIncludeFile.c.o   -c "/home/dvir/Dropbox/Chai - Dvir/mini-project/FM-Index/libdivsufsort/CMakeFiles/CMakeTmp/CheckIncludeFile.c"
Linking C executable cmTryCompileExec517770194
/usr/bin/cmake -E cmake_link_script CMakeFiles/cmTryCompileExec517770194.dir/link.txt --verbose=1
/usr/bin/cc    -Wall      CMakeFiles/cmTryCompileExec517770194.dir/CheckIncludeFile.c.o  -o cmTryCompileExec517770194 -rdynamic 
make[2]: Leaving directory `/home/dvir/Dropbox/Chai - Dvir/mini-project/FM-Index/libdivsufsort/CMakeFiles/CMakeTmp'
make[1]: Leaving directory `/home/dvir/Dropbox/Chai - Dvir/mini-project/FM-Index/libdivsufsort/CMakeFiles/CMakeTmp'


Performing C SOURCE FILE Test HAVE_INLINE succeded with the following output:
Change Dir: /home/dvir/Dropbox/Chai - Dvir/mini-project/FM-Index/libdivsufsort/CMakeFiles/CMakeTmp

Run Build Command:/usr/bin/make "cmTryCompileExec1317188640/fast"
make[1]: Entering directory `/home/dvir/Dropbox/Chai - Dvir/mini-project/FM-Index/libdivsufsort/CMakeFiles/CMakeTmp'
/usr/bin/make -f CMakeFiles/cmTryCompileExec1317188640.dir/build.make CMakeFiles/cmTryCompileExec1317188640.dir/build
make[2]: Entering directory `/home/dvir/Dropbox/Chai - Dvir/mini-project/FM-Index/libdivsufsort/CMakeFiles/CMakeTmp'
/usr/bin/cmake -E cmake_progress_report "/home/dvir/Dropbox/Chai - Dvir/mini-project/FM-Index/libdivsufsort/CMakeFiles/CMakeTmp/CMakeFiles" 1
Building C object CMakeFiles/cmTryCompileExec1317188640.dir/src.c.o
/usr/bin/cc   -Wall  -DHAVE_INLINE   -o CMakeFiles/cmTryCompileExec1317188640.dir/src.c.o   -c "/home/dvir/Dropbox/Chai - Dvir/mini-project/FM-Index/libdivsufsort/CMakeFiles/CMakeTmp/src.c"
Linking C executable cmTryCompileExec1317188640
/usr/bin/cmake -E cmake_link_script CMakeFiles/cmTryCompileExec1317188640.dir/link.txt --verbose=1
/usr/bin/cc    -Wall  -DHAVE_INLINE    CMakeFiles/cmTryCompileExec1317188640.dir/src.c.o  -o cmTryCompileExec1317188640 -rdynamic 
make[2]: Leaving directory `/home/dvir/Dropbox/Chai - Dvir/mini-project/FM-Index/libdivsufsort/CMakeFiles/CMakeTmp'
make[1]: Leaving directory `/home/dvir/Dropbox/Chai - Dvir/mini-project/FM-Index/libdivsufsort/CMakeFiles/CMakeTmp'

Source file was:
inline void func(); void func() { } int main() { func(); return 0; }
Performing C SOURCE FILE Test HAVE___INLINE succeded with the following output:
Change Dir: /home/dvir/Dropbox/Chai - Dvir/mini-project/FM-Index/libdivsufsort/CMakeFiles/CMakeTmp

Run Build Command:/usr/bin/make "cmTryCompileExec2071956475/fast"
make[1]: Entering directory `/home/dvir/Dropbox/Chai - Dvir/mini-project/FM-Index/libdivsufsort/CMakeFiles/CMakeTmp'
/usr/bin/make -f CMakeFiles/cmTryCompileExec2071956475.dir/build.make CMakeFiles/cmTryCompileExec2071956475.dir/build
make[2]: Entering directory `/home/dvir/Dropbox/Chai - Dvir/mini-project/FM-Index/libdivsufsort/CMakeFiles/CMakeTmp'
/usr/bin/cmake -E cmake_progress_report "/home/dvir/Dropbox/Chai - Dvir/mini-project/FM-Index/libdivsufsort/CMakeFiles/CMakeTmp/CMakeFiles" 1
Building C object CMakeFiles/cmTryCompileExec2071956475.dir/src.c.o
/usr/bin/cc   -Wall  -DHAVE___INLINE   -o CMakeFiles/cmTryCompileExec2071956475.dir/src.c.o   -c "/home/dvir/Dropbox/Chai - Dvir/mini-project/FM-Index/libdivsufsort/CMakeFiles/CMakeTmp/src.c"
Linking C executable cmTryCompileExec2071956475
/usr/bin/cmake -E cmake_link_script CMakeFiles/cmTryCompileExec2071956475.dir/link.txt --verbose=1
/usr/bin/cc    -Wall  -DHAVE___INLINE    CMakeFiles/cmTryCompileExec2071956475.dir/src.c.o  -o cmTryCompileExec2071956475 -rdynamic 
make[2]: Leaving directory `/home/dvir/Dropbox/Chai - Dvir/mini-project/FM-Index/libdivsufsort/CMakeFiles/CMakeTmp'
make[1]: Leaving directory `/home/dvir/Dropbox/Chai - Dvir/mini-project/FM-Index/libdivsufsort/CMakeFiles/CMakeTmp'

Source file was:
__inline void func(); void func() { } int main() { func(); return 0; }
Performing C SOURCE FILE Test HAVE___INLINE__ succeded with the following output:
Change Dir: /home/dvir/Dropbox/Chai - Dvir/mini-project/FM-Index/libdivsufsort/CMakeFiles/CMakeTmp

Run Build Command:/usr/bin/make "cmTryCompileExec2319549956/fast"
make[1]: Entering directory `/home/dvir/Dropbox/Chai - Dvir/mini-project/FM-Index/libdivsufsort/CMakeFiles/CMakeTmp'
/usr/bin/make -f CMakeFiles/cmTryCompileExec2319549956.dir/build.make CMakeFiles/cmTryCompileExec2319549956.dir/build
make[2]: Entering directory `/home/dvir/Dropbox/Chai - Dvir/mini-project/FM-Index/libdivsufsort/CMakeFiles/CMakeTmp'
/usr/bin/cmake -E cmake_progress_report "/home/dvir/Dropbox/Chai - Dvir/mini-project/FM-Index/libdivsufsort/CMakeFiles/CMakeTmp/CMakeFiles" 1
Building C object CMakeFiles/cmTryCompileExec2319549956.dir/src.c.o
/usr/bin/cc   -Wall  -DHAVE___INLINE__   -o CMakeFiles/cmTryCompileExec2319549956.dir/src.c.o   -c "/home/dvir/Dropbox/Chai - Dvir/mini-project/FM-Index/libdivsufsort/CMakeFiles/CMakeTmp/src.c"
Linking C executable cmTryCompileExec2319549956
/usr/bin/cmake -E cmake_link_script CMakeFiles/cmTryCompileExec2319549956.dir/link.txt --verbose=1
/usr/bin/cc    -Wall  -DHAVE___INLINE__    CMakeFiles/cmTryCompileExec2319549956.dir/src.c.o  -o cmTryCompileExec2319549956 -rdynamic 
make[2]: Leaving directory `/home/dvir/Dropbox/Chai - Dvir/mini-project/FM-Index/libdivsufsort/CMakeFiles/CMakeTmp'
make[1]: Leaving directory `/home/dvir/Dropbox/Chai - Dvir/mini-project/FM-Index/libdivsufsort/CMakeFiles/CMakeTmp'

Source file was:
__inline__ void func(); void func() { } int main() { func(); return 0; }
Determining size of uint8_t passed with the following output:
Change Dir: /home/dvir/Dropbox/Chai - Dvir/mini-project/FM-Index/libdivsufsort/CMakeFiles/CMakeTmp

Run Build Command:/usr/bin/make "cmTryCompileExec608585807/fast"
make[1]: Entering directory `/home/dvir/Dropbox/Chai - Dvir/mini-project/FM-Index/libdivsufsort/CMakeFiles/CMakeTmp'
/usr/bin/make -f CMakeFiles/cmTryCompileExec608585807.dir/build.make CMakeFiles/cmTryCompileExec608585807.dir/build
make[2]: Entering directory `/home/dvir/Dropbox/Chai - Dvir/mini-project/FM-Index/libdivsufsort/CMakeFiles/CMakeTmp'
/usr/bin/cmake -E cmake_progress_report "/home/dvir/Dropbox/Chai - Dvir/mini-project/FM-Index/libdivsufsort/CMakeFiles/CMakeTmp/CMakeFiles" 1
Building C object CMakeFiles/cmTryCompileExec608585807.dir/UINT8_T.c.o
/usr/bin/cc   -Wall     -o CMakeFiles/cmTryCompileExec608585807.dir/UINT8_T.c.o   -c "/home/dvir/Dropbox/Chai - Dvir/mini-project/FM-Index/libdivsufsort/CMakeFiles/CheckTypeSize/UINT8_T.c"
Linking C executable cmTryCompileExec608585807
/usr/bin/cmake -E cmake_link_script CMakeFiles/cmTryCompileExec608585807.dir/link.txt --verbose=1
/usr/bin/cc    -Wall      CMakeFiles/cmTryCompileExec608585807.dir/UINT8_T.c.o  -o cmTryCompileExec608585807 -rdynamic 
make[2]: Leaving directory `/home/dvir/Dropbox/Chai - Dvir/mini-project/FM-Index/libdivsufsort/CMakeFiles/CMakeTmp'
make[1]: Leaving directory `/home/dvir/Dropbox/Chai - Dvir/mini-project/FM-Index/libdivsufsort/CMakeFiles/CMakeTmp'


Determining size of int32_t passed with the following output:
Change Dir: /home/dvir/Dropbox/Chai - Dvir/mini-project/FM-Index/libdivsufsort/CMakeFiles/CMakeTmp

Run Build Command:/usr/bin/make "cmTryCompileExec1515271745/fast"
make[1]: Entering directory `/home/dvir/Dropbox/Chai - Dvir/mini-project/FM-Index/libdivsufsort/CMakeFiles/CMakeTmp'
/usr/bin/make -f CMakeFiles/cmTryCompileExec1515271745.dir/build.make CMakeFiles/cmTryCompileExec1515271745.dir/build
make[2]: Entering directory `/home/dvir/Dropbox/Chai - Dvir/mini-project/FM-Index/libdivsufsort/CMakeFiles/CMakeTmp'
/usr/bin/cmake -E cmake_progress_report "/home/dvir/Dropbox/Chai - Dvir/mini-project/FM-Index/libdivsufsort/CMakeFiles/CMakeTmp/CMakeFiles" 1
Building C object CMakeFiles/cmTryCompileExec1515271745.dir/INT32_T.c.o
/usr/bin/cc   -Wall     -o CMakeFiles/cmTryCompileExec1515271745.dir/INT32_T.c.o   -c "/home/dvir/Dropbox/Chai - Dvir/mini-project/FM-Index/libdivsufsort/CMakeFiles/CheckTypeSize/INT32_T.c"
Linking C executable cmTryCompileExec1515271745
/usr/bin/cmake -E cmake_link_script CMakeFiles/cmTryCompileExec1515271745.dir/link.txt --verbose=1
/usr/bin/cc    -Wall      CMakeFiles/cmTryCompileExec1515271745.dir/INT32_T.c.o  -o cmTryCompileExec1515271745 -rdynamic 
make[2]: Leaving directory `/home/dvir/Dropbox/Chai - Dvir/mini-project/FM-Index/libdivsufsort/CMakeFiles/CMakeTmp'
make[1]: Leaving directory `/home/dvir/Dropbox/Chai - Dvir/mini-project/FM-Index/libdivsufsort/CMakeFiles/CMakeTmp'


Determining if the PRId32 exist passed with the following output:
Change Dir: /home/dvir/Dropbox/Chai - Dvir/mini-project/FM-Index/libdivsufsort/CMakeFiles/CMakeTmp

Run Build Command:/usr/bin/make "cmTryCompileExec1995693941/fast"
make[1]: Entering directory `/home/dvir/Dropbox/Chai - Dvir/mini-project/FM-Index/libdivsufsort/CMakeFiles/CMakeTmp'
/usr/bin/make -f CMakeFiles/cmTryCompileExec1995693941.dir/build.make CMakeFiles/cmTryCompileExec1995693941.dir/build
make[2]: Entering directory `/home/dvir/Dropbox/Chai - Dvir/mini-project/FM-Index/libdivsufsort/CMakeFiles/CMakeTmp'
/usr/bin/cmake -E cmake_progress_report "/home/dvir/Dropbox/Chai - Dvir/mini-project/FM-Index/libdivsufsort/CMakeFiles/CMakeTmp/CMakeFiles" 1
Building C object CMakeFiles/cmTryCompileExec1995693941.dir/CheckSymbolExists.c.o
/usr/bin/cc   -Wall     -o CMakeFiles/cmTryCompileExec1995693941.dir/CheckSymbolExists.c.o   -c "/home/dvir/Dropbox/Chai - Dvir/mini-project/FM-Index/libdivsufsort/CMakeFiles/CMakeTmp/CheckSymbolExists.c"
Linking C executable cmTryCompileExec1995693941
/usr/bin/cmake -E cmake_link_script CMakeFiles/cmTryCompileExec1995693941.dir/link.txt --verbose=1
/usr/bin/cc    -Wall      CMakeFiles/cmTryCompileExec1995693941.dir/CheckSymbolExists.c.o  -o cmTryCompileExec1995693941 -rdynamic 
make[2]: Leaving directory `/home/dvir/Dropbox/Chai - Dvir/mini-project/FM-Index/libdivsufsort/CMakeFiles/CMakeTmp'
make[1]: Leaving directory `/home/dvir/Dropbox/Chai - Dvir/mini-project/FM-Index/libdivsufsort/CMakeFiles/CMakeTmp'

File /home/dvir/Dropbox/Chai - Dvir/mini-project/FM-Index/libdivsufsort/CMakeFiles/CMakeTmp/CheckSymbolExists.c:
/* */
#include <inttypes.h>

int main(int argc, char** argv)
{
  (void)argv;
#ifndef PRId32
  return ((int*)(&PRId32))[argc];
#else
  (void)argc;
  return 0;
#endif
}

